{"/Users/admin/Projects/ppg/ReaderApp/App.js": {"path":"/Users/admin/Projects/ppg/ReaderApp/App.js","statementMap":{"0":{"start":{"line":19,"column":27},"end":{"line":19,"column":43}},"1":{"start":{"line":21,"column":0},"end":{"line":21,"column":16}},"2":{"start":{"line":22,"column":12},"end":{"line":34,"column":1}},"3":{"start":{"line":23,"column":2},"end":{"line":33,"column":4}},"4":{"start":{"line":36,"column":15},"end":{"line":40,"column":2}}},"fnMap":{"0":{"name":"(anonymous_0)","decl":{"start":{"line":22,"column":12},"end":{"line":22,"column":13}},"loc":{"start":{"line":22,"column":18},"end":{"line":34,"column":1}},"line":22}},"branchMap":{},"s":{"0":1,"1":1,"2":1,"3":0,"4":1},"f":{"0":0},"b":{},"_coverageSchema":"1a1c01bbd47fc00a2c39e90264f33305004495a9","hash":"7fd26bdcc8bfe5809cc4fb972ba2432836229c02"}
,"/Users/admin/Projects/ppg/ReaderApp/src/Store.js": {"path":"/Users/admin/Projects/ppg/ReaderApp/src/Store.js","statementMap":{"0":{"start":{"line":10,"column":22},"end":{"line":15,"column":1}},"1":{"start":{"line":18,"column":27},"end":{"line":18,"column":69}},"2":{"start":{"line":19,"column":16},"end":{"line":22,"column":3}},"3":{"start":{"line":23,"column":20},"end":{"line":23,"column":39}},"4":{"start":{"line":24,"column":2},"end":{"line":24,"column":28}},"5":{"start":{"line":25,"column":2},"end":{"line":25,"column":28}}},"fnMap":{"0":{"name":"configureStore","decl":{"start":{"line":17,"column":24},"end":{"line":17,"column":38}},"loc":{"start":{"line":17,"column":41},"end":{"line":26,"column":1}},"line":17}},"branchMap":{},"s":{"0":1,"1":1,"2":1,"3":1,"4":1,"5":1},"f":{"0":1},"b":{},"_coverageSchema":"1a1c01bbd47fc00a2c39e90264f33305004495a9","hash":"50b66b08a878fa979d4d2a1f3a92d861e8b8ed57"}
,"/Users/admin/Projects/ppg/ReaderApp/src/actionTypes/DetailView.js": {"path":"/Users/admin/Projects/ppg/ReaderApp/src/actionTypes/DetailView.js","statementMap":{"0":{"start":{"line":1,"column":32},"end":{"line":1,"column":50}},"1":{"start":{"line":2,"column":35},"end":{"line":2,"column":56}},"2":{"start":{"line":4,"column":34},"end":{"line":4,"column":54}},"3":{"start":{"line":5,"column":37},"end":{"line":5,"column":60}}},"fnMap":{},"branchMap":{},"s":{"0":5,"1":5,"2":5,"3":5},"f":{},"b":{},"_coverageSchema":"1a1c01bbd47fc00a2c39e90264f33305004495a9","hash":"cc5d03c38720cd46c09ef517373296d40c2118b2"}
,"/Users/admin/Projects/ppg/ReaderApp/src/actionTypes/MainView.js": {"path":"/Users/admin/Projects/ppg/ReaderApp/src/actionTypes/MainView.js","statementMap":{"0":{"start":{"line":1,"column":31},"end":{"line":1,"column":48}},"1":{"start":{"line":2,"column":34},"end":{"line":2,"column":54}},"2":{"start":{"line":4,"column":36},"end":{"line":4,"column":58}},"3":{"start":{"line":5,"column":39},"end":{"line":5,"column":64}},"4":{"start":{"line":7,"column":40},"end":{"line":7,"column":66}},"5":{"start":{"line":8,"column":43},"end":{"line":8,"column":72}}},"fnMap":{},"branchMap":{},"s":{"0":5,"1":5,"2":5,"3":5,"4":5,"5":5},"f":{},"b":{},"_coverageSchema":"1a1c01bbd47fc00a2c39e90264f33305004495a9","hash":"f254440f8ac02406cfedf0d815c5cc27c58e9691"}
,"/Users/admin/Projects/ppg/ReaderApp/src/actionTypes/index.js": {"path":"/Users/admin/Projects/ppg/ReaderApp/src/actionTypes/index.js","statementMap":{},"fnMap":{},"branchMap":{},"s":{},"f":{},"b":{},"_coverageSchema":"1a1c01bbd47fc00a2c39e90264f33305004495a9","hash":"8ae5dc1ad3c67643e9e0c6eaaa5cd57adf0ef0df"}
,"/Users/admin/Projects/ppg/ReaderApp/src/actions/Common.js": {"path":"/Users/admin/Projects/ppg/ReaderApp/src/actions/Common.js","statementMap":{"0":{"start":{"line":4,"column":30},"end":{"line":11,"column":1}},"1":{"start":{"line":5,"column":25},"end":{"line":5,"column":77}},"2":{"start":{"line":6,"column":30},"end":{"line":6,"column":63}},"3":{"start":{"line":7,"column":2},"end":{"line":9,"column":3}},"4":{"start":{"line":8,"column":4},"end":{"line":8,"column":36}},"5":{"start":{"line":10,"column":2},"end":{"line":10,"column":14}}},"fnMap":{"0":{"name":"(anonymous_0)","decl":{"start":{"line":4,"column":30},"end":{"line":4,"column":31}},"loc":{"start":{"line":4,"column":49},"end":{"line":11,"column":1}},"line":4}},"branchMap":{"0":{"loc":{"start":{"line":7,"column":2},"end":{"line":9,"column":3}},"type":"if","locations":[{"start":{"line":7,"column":2},"end":{"line":9,"column":3}},{"start":{},"end":{}}],"line":7},"1":{"loc":{"start":{"line":7,"column":6},"end":{"line":7,"column":56}},"type":"binary-expr","locations":[{"start":{"line":7,"column":6},"end":{"line":7,"column":25}},{"start":{"line":7,"column":29},"end":{"line":7,"column":56}}],"line":7}},"s":{"0":3,"1":2,"2":2,"3":2,"4":2,"5":0},"f":{"0":2},"b":{"0":[2,0],"1":[2,2]},"_coverageSchema":"1a1c01bbd47fc00a2c39e90264f33305004495a9","hash":"c9e9462719d4087e2937d9ab5cecbfed1f0ea99d"}
,"/Users/admin/Projects/ppg/ReaderApp/src/actions/DetailView.js": {"path":"/Users/admin/Projects/ppg/ReaderApp/src/actions/DetailView.js","statementMap":{"0":{"start":{"line":12,"column":20},"end":{"line":21,"column":1}},"1":{"start":{"line":13,"column":21},"end":{"line":13,"column":23}},"2":{"start":{"line":14,"column":2},"end":{"line":19,"column":4}},"3":{"start":{"line":16,"column":26},"end":{"line":16,"column":57}},"4":{"start":{"line":17,"column":6},"end":{"line":17,"column":37}},"5":{"start":{"line":20,"column":2},"end":{"line":20,"column":64}},"6":{"start":{"line":24,"column":2},"end":{"line":24,"column":51}},"7":{"start":{"line":27,"column":25},"end":{"line":29,"column":1}},"8":{"start":{"line":28,"column":2},"end":{"line":28,"column":56}},"9":{"start":{"line":32,"column":2},"end":{"line":32,"column":58}}},"fnMap":{"0":{"name":"(anonymous_0)","decl":{"start":{"line":12,"column":20},"end":{"line":12,"column":21}},"loc":{"start":{"line":12,"column":42},"end":{"line":21,"column":1}},"line":12},"1":{"name":"(anonymous_1)","decl":{"start":{"line":15,"column":16},"end":{"line":15,"column":17}},"loc":{"start":{"line":15,"column":35},"end":{"line":18,"column":5}},"line":15},"2":{"name":"getItemDetailsSaga","decl":{"start":{"line":23,"column":17},"end":{"line":23,"column":35}},"loc":{"start":{"line":23,"column":38},"end":{"line":25,"column":1}},"line":23},"3":{"name":"(anonymous_3)","decl":{"start":{"line":27,"column":25},"end":{"line":27,"column":26}},"loc":{"start":{"line":27,"column":47},"end":{"line":29,"column":1}},"line":27},"4":{"name":"clearItemDetailsSaga","decl":{"start":{"line":31,"column":17},"end":{"line":31,"column":37}},"loc":{"start":{"line":31,"column":40},"end":{"line":33,"column":1}},"line":31}},"branchMap":{},"s":{"0":2,"1":1,"2":1,"3":1,"4":1,"5":1,"6":2,"7":2,"8":0,"9":1},"f":{"0":1,"1":1,"2":2,"3":0,"4":1},"b":{},"_coverageSchema":"1a1c01bbd47fc00a2c39e90264f33305004495a9","hash":"9a88d271458a8551b9238893e781a50b0a003bd6"}
,"/Users/admin/Projects/ppg/ReaderApp/src/actions/MainView.js": {"path":"/Users/admin/Projects/ppg/ReaderApp/src/actions/MainView.js","statementMap":{"0":{"start":{"line":17,"column":22},"end":{"line":33,"column":1}},"1":{"start":{"line":18,"column":26},"end":{"line":18,"column":76}},"2":{"start":{"line":19,"column":2},"end":{"line":32,"column":3}},"3":{"start":{"line":20,"column":22},"end":{"line":20,"column":24}},"4":{"start":{"line":21,"column":4},"end":{"line":27,"column":5}},"5":{"start":{"line":22,"column":14},"end":{"line":22,"column":15}},"6":{"start":{"line":26,"column":6},"end":{"line":26,"column":80}},"7":{"start":{"line":28,"column":4},"end":{"line":31,"column":7}},"8":{"start":{"line":36,"column":2},"end":{"line":36,"column":52}},"9":{"start":{"line":39,"column":26},"end":{"line":88,"column":1}},"10":{"start":{"line":40,"column":22},"end":{"line":40,"column":53}},"11":{"start":{"line":41,"column":24},"end":{"line":41,"column":56}},"12":{"start":{"line":42,"column":16},"end":{"line":42,"column":30}},"13":{"start":{"line":43,"column":39},"end":{"line":43,"column":60}},"14":{"start":{"line":45,"column":23},"end":{"line":49,"column":7}},"15":{"start":{"line":51,"column":2},"end":{"line":55,"column":3}},"16":{"start":{"line":52,"column":4},"end":{"line":54,"column":5}},"17":{"start":{"line":53,"column":6},"end":{"line":53,"column":13}},"18":{"start":{"line":57,"column":26},"end":{"line":57,"column":28}},"19":{"start":{"line":59,"column":2},"end":{"line":64,"column":4}},"20":{"start":{"line":61,"column":26},"end":{"line":61,"column":57}},"21":{"start":{"line":62,"column":6},"end":{"line":62,"column":42}},"22":{"start":{"line":66,"column":29},"end":{"line":66,"column":74}},"23":{"start":{"line":67,"column":16},"end":{"line":67,"column":28}},"24":{"start":{"line":68,"column":2},"end":{"line":71,"column":3}},"25":{"start":{"line":69,"column":4},"end":{"line":69,"column":16}},"26":{"start":{"line":70,"column":4},"end":{"line":70,"column":45}},"27":{"start":{"line":73,"column":2},"end":{"line":81,"column":5}},"28":{"start":{"line":82,"column":2},"end":{"line":87,"column":3}},"29":{"start":{"line":83,"column":4},"end":{"line":86,"column":7}},"30":{"start":{"line":91,"column":2},"end":{"line":91,"column":60}},"31":{"start":{"line":94,"column":32},"end":{"line":99,"column":1}},"32":{"start":{"line":95,"column":2},"end":{"line":98,"column":5}},"33":{"start":{"line":102,"column":2},"end":{"line":102,"column":70}}},"fnMap":{"0":{"name":"(anonymous_0)","decl":{"start":{"line":17,"column":22},"end":{"line":17,"column":23}},"loc":{"start":{"line":17,"column":44},"end":{"line":33,"column":1}},"line":17},"1":{"name":"getTopStoriesSaga","decl":{"start":{"line":35,"column":17},"end":{"line":35,"column":34}},"loc":{"start":{"line":35,"column":37},"end":{"line":37,"column":1}},"line":35},"2":{"name":"async","decl":{"start":{"line":39,"column":36},"end":{"line":39,"column":41}},"loc":{"start":{"line":39,"column":53},"end":{"line":88,"column":1}},"line":39},"3":{"name":"(anonymous_3)","decl":{"start":{"line":60,"column":33},"end":{"line":60,"column":34}},"loc":{"start":{"line":60,"column":52},"end":{"line":63,"column":5}},"line":60},"4":{"name":"getTopStoriesDetailsSaga","decl":{"start":{"line":90,"column":17},"end":{"line":90,"column":41}},"loc":{"start":{"line":90,"column":44},"end":{"line":92,"column":1}},"line":90},"5":{"name":"async","decl":{"start":{"line":94,"column":42},"end":{"line":94,"column":47}},"loc":{"start":{"line":94,"column":59},"end":{"line":99,"column":1}},"line":94},"6":{"name":"setTopStoriesRefreshingSaga","decl":{"start":{"line":101,"column":17},"end":{"line":101,"column":44}},"loc":{"start":{"line":101,"column":47},"end":{"line":103,"column":1}},"line":101}},"branchMap":{"0":{"loc":{"start":{"line":19,"column":2},"end":{"line":32,"column":3}},"type":"if","locations":[{"start":{"line":19,"column":2},"end":{"line":32,"column":3}},{"start":{},"end":{}}],"line":19},"1":{"loc":{"start":{"line":19,"column":6},"end":{"line":19,"column":48}},"type":"binary-expr","locations":[{"start":{"line":19,"column":6},"end":{"line":19,"column":21}},{"start":{"line":19,"column":25},"end":{"line":19,"column":48}}],"line":19},"2":{"loc":{"start":{"line":40,"column":22},"end":{"line":40,"column":53}},"type":"binary-expr","locations":[{"start":{"line":40,"column":22},"end":{"line":40,"column":29}},{"start":{"line":40,"column":33},"end":{"line":40,"column":53}}],"line":40},"3":{"loc":{"start":{"line":41,"column":24},"end":{"line":41,"column":56}},"type":"binary-expr","locations":[{"start":{"line":41,"column":24},"end":{"line":41,"column":31}},{"start":{"line":41,"column":35},"end":{"line":41,"column":56}}],"line":41},"4":{"loc":{"start":{"line":45,"column":23},"end":{"line":49,"column":7}},"type":"cond-expr","locations":[{"start":{"line":46,"column":6},"end":{"line":46,"column":7}},{"start":{"line":47,"column":6},"end":{"line":49,"column":7}}],"line":45},"5":{"loc":{"start":{"line":47,"column":6},"end":{"line":49,"column":7}},"type":"cond-expr","locations":[{"start":{"line":48,"column":6},"end":{"line":48,"column":25}},{"start":{"line":49,"column":6},"end":{"line":49,"column":7}}],"line":47},"6":{"loc":{"start":{"line":47,"column":6},"end":{"line":47,"column":43}},"type":"binary-expr","locations":[{"start":{"line":47,"column":6},"end":{"line":47,"column":20}},{"start":{"line":47,"column":24},"end":{"line":47,"column":43}}],"line":47},"7":{"loc":{"start":{"line":51,"column":2},"end":{"line":55,"column":3}},"type":"if","locations":[{"start":{"line":51,"column":2},"end":{"line":55,"column":3}},{"start":{},"end":{}}],"line":51},"8":{"loc":{"start":{"line":51,"column":6},"end":{"line":51,"column":42}},"type":"binary-expr","locations":[{"start":{"line":51,"column":6},"end":{"line":51,"column":20}},{"start":{"line":51,"column":24},"end":{"line":51,"column":42}}],"line":51},"9":{"loc":{"start":{"line":52,"column":4},"end":{"line":54,"column":5}},"type":"if","locations":[{"start":{"line":52,"column":4},"end":{"line":54,"column":5}},{"start":{},"end":{}}],"line":52},"10":{"loc":{"start":{"line":68,"column":2},"end":{"line":71,"column":3}},"type":"if","locations":[{"start":{"line":68,"column":2},"end":{"line":71,"column":3}},{"start":{},"end":{}}],"line":68},"11":{"loc":{"start":{"line":82,"column":2},"end":{"line":87,"column":3}},"type":"if","locations":[{"start":{"line":82,"column":2},"end":{"line":87,"column":3}},{"start":{},"end":{}}],"line":82}},"s":{"0":2,"1":1,"2":1,"3":1,"4":1,"5":1,"6":1,"7":1,"8":2,"9":2,"10":1,"11":1,"12":1,"13":1,"14":1,"15":1,"16":0,"17":0,"18":1,"19":1,"20":1,"21":1,"22":1,"23":1,"24":1,"25":1,"26":1,"27":1,"28":1,"29":0,"30":2,"31":2,"32":0,"33":1},"f":{"0":1,"1":2,"2":1,"3":1,"4":2,"5":0,"6":1},"b":{"0":[1,0],"1":[1,1],"2":[1,0],"3":[1,0],"4":[0,1],"5":[0,1],"6":[1,1],"7":[0,1],"8":[1,1],"9":[0,0],"10":[1,0],"11":[0,1]},"_coverageSchema":"1a1c01bbd47fc00a2c39e90264f33305004495a9","hash":"68f1f14ab0b8554f230639f6e329801b725a023a"}
,"/Users/admin/Projects/ppg/ReaderApp/src/actions/index.js": {"path":"/Users/admin/Projects/ppg/ReaderApp/src/actions/index.js","statementMap":{"0":{"start":{"line":8,"column":14},"end":{"line":14,"column":1}},"1":{"start":{"line":16,"column":25},"end":{"line":17,"column":56}},"2":{"start":{"line":17,"column":2},"end":{"line":17,"column":56}}},"fnMap":{"0":{"name":"(anonymous_0)","decl":{"start":{"line":16,"column":25},"end":{"line":16,"column":26}},"loc":{"start":{"line":17,"column":2},"end":{"line":17,"column":56}},"line":17}},"branchMap":{},"s":{"0":1,"1":1,"2":1},"f":{"0":1},"b":{},"_coverageSchema":"1a1c01bbd47fc00a2c39e90264f33305004495a9","hash":"7f93e8824162dd7d99035a4291ac9d1653119519"}
,"/Users/admin/Projects/ppg/ReaderApp/src/api/index.js": {"path":"/Users/admin/Projects/ppg/ReaderApp/src/api/index.js","statementMap":{"0":{"start":{"line":1,"column":29},"end":{"line":1,"column":68}},"1":{"start":{"line":3,"column":32},"end":{"line":3,"column":57}},"2":{"start":{"line":4,"column":28},"end":{"line":4,"column":49}},"3":{"start":{"line":9,"column":24},"end":{"line":20,"column":1}}},"fnMap":{},"branchMap":{},"s":{"0":3,"1":3,"2":3,"3":3},"f":{},"b":{},"_coverageSchema":"1a1c01bbd47fc00a2c39e90264f33305004495a9","hash":"e8216fcfcc50225dc6c3ba0047b068e97267bade"}
,"/Users/admin/Projects/ppg/ReaderApp/src/components/CommentCard.js": {"path":"/Users/admin/Projects/ppg/ReaderApp/src/components/CommentCard.js","statementMap":{"0":{"start":{"line":11,"column":18},"end":{"line":48,"column":1}},"1":{"start":{"line":12,"column":33},"end":{"line":12,"column":41}},"2":{"start":{"line":13,"column":18},"end":{"line":13,"column":39}},"3":{"start":{"line":14,"column":22},"end":{"line":14,"column":77}},"4":{"start":{"line":14,"column":36},"end":{"line":14,"column":77}},"5":{"start":{"line":16,"column":21},"end":{"line":20,"column":3}},"6":{"start":{"line":22,"column":2},"end":{"line":47,"column":4}},"7":{"start":{"line":50,"column":15},"end":{"line":94,"column":2}}},"fnMap":{"0":{"name":"(anonymous_0)","decl":{"start":{"line":11,"column":18},"end":{"line":11,"column":19}},"loc":{"start":{"line":11,"column":43},"end":{"line":48,"column":1}},"line":11},"1":{"name":"(anonymous_1)","decl":{"start":{"line":14,"column":22},"end":{"line":14,"column":23}},"loc":{"start":{"line":14,"column":36},"end":{"line":14,"column":77}},"line":14}},"branchMap":{},"s":{"0":5,"1":1,"2":1,"3":1,"4":1,"5":1,"6":1,"7":5},"f":{"0":1,"1":1},"b":{},"_coverageSchema":"1a1c01bbd47fc00a2c39e90264f33305004495a9","hash":"179fd61c1827c151f55757de32b348c36062adfc"}
,"/Users/admin/Projects/ppg/ReaderApp/src/components/StoryCard.js": {"path":"/Users/admin/Projects/ppg/ReaderApp/src/components/StoryCard.js","statementMap":{"0":{"start":{"line":4,"column":18},"end":{"line":34,"column":1}},"1":{"start":{"line":5,"column":34},"end":{"line":5,"column":42}},"2":{"start":{"line":7,"column":22},"end":{"line":7,"column":77}},"3":{"start":{"line":7,"column":36},"end":{"line":7,"column":77}},"4":{"start":{"line":9,"column":2},"end":{"line":33,"column":4}},"5":{"start":{"line":36,"column":15},"end":{"line":78,"column":2}}},"fnMap":{"0":{"name":"(anonymous_0)","decl":{"start":{"line":4,"column":18},"end":{"line":4,"column":19}},"loc":{"start":{"line":4,"column":43},"end":{"line":34,"column":1}},"line":4},"1":{"name":"(anonymous_1)","decl":{"start":{"line":7,"column":22},"end":{"line":7,"column":23}},"loc":{"start":{"line":7,"column":36},"end":{"line":7,"column":77}},"line":7}},"branchMap":{"0":{"loc":{"start":{"line":19,"column":11},"end":{"line":21,"column":27}},"type":"cond-expr","locations":[{"start":{"line":20,"column":14},"end":{"line":20,"column":46}},{"start":{"line":21,"column":14},"end":{"line":21,"column":27}}],"line":19},"1":{"loc":{"start":{"line":19,"column":11},"end":{"line":19,"column":34}},"type":"binary-expr","locations":[{"start":{"line":19,"column":11},"end":{"line":19,"column":15}},{"start":{"line":19,"column":19},"end":{"line":19,"column":34}}],"line":19}},"s":{"0":5,"1":1,"2":1,"3":1,"4":1,"5":5},"f":{"0":1,"1":1},"b":{"0":[1,0],"1":[1,1]},"_coverageSchema":"1a1c01bbd47fc00a2c39e90264f33305004495a9","hash":"bd6feb7c816f60828d500ba4af36b8a1c35b9b77"}
,"/Users/admin/Projects/ppg/ReaderApp/src/components/index.js": {"path":"/Users/admin/Projects/ppg/ReaderApp/src/components/index.js","statementMap":{},"fnMap":{},"branchMap":{},"s":{},"f":{},"b":{},"_coverageSchema":"1a1c01bbd47fc00a2c39e90264f33305004495a9","hash":"6f3f64a772d23f78e668863aeed4dcd43205a704"}
,"/Users/admin/Projects/ppg/ReaderApp/src/config/index.js": {"path":"/Users/admin/Projects/ppg/ReaderApp/src/config/index.js","statementMap":{"0":{"start":{"line":1,"column":36},"end":{"line":1,"column":38}}},"fnMap":{},"branchMap":{},"s":{"0":2},"f":{},"b":{},"_coverageSchema":"1a1c01bbd47fc00a2c39e90264f33305004495a9","hash":"4a710b7c9fc2c2361f12d82465ba75d2780a6a8a"}
,"/Users/admin/Projects/ppg/ReaderApp/src/lib/Utils.js": {"path":"/Users/admin/Projects/ppg/ReaderApp/src/lib/Utils.js","statementMap":{"0":{"start":{"line":12,"column":27},"end":{"line":33,"column":1}},"1":{"start":{"line":13,"column":2},"end":{"line":32,"column":3}},"2":{"start":{"line":14,"column":32},"end":{"line":17,"column":5}},"3":{"start":{"line":18,"column":4},"end":{"line":20,"column":5}},"4":{"start":{"line":21,"column":21},"end":{"line":21,"column":53}},"5":{"start":{"line":22,"column":4},"end":{"line":25,"column":6}},"6":{"start":{"line":27,"column":4},"end":{"line":27,"column":78}},"7":{"start":{"line":28,"column":4},"end":{"line":31,"column":6}},"8":{"start":{"line":41,"column":22},"end":{"line":54,"column":1}},"9":{"start":{"line":42,"column":23},"end":{"line":44,"column":6}},"10":{"start":{"line":43,"column":17},"end":{"line":43,"column":46}},"11":{"start":{"line":45,"column":2},"end":{"line":52,"column":3}},"12":{"start":{"line":46,"column":25},"end":{"line":46,"column":46}},"13":{"start":{"line":47,"column":22},"end":{"line":47,"column":41}},"14":{"start":{"line":48,"column":4},"end":{"line":50,"column":7}},"15":{"start":{"line":49,"column":6},"end":{"line":49,"column":64}},"16":{"start":{"line":51,"column":4},"end":{"line":51,"column":26}},"17":{"start":{"line":53,"column":2},"end":{"line":53,"column":31}}},"fnMap":{"0":{"name":"(anonymous_0)","decl":{"start":{"line":12,"column":27},"end":{"line":12,"column":28}},"loc":{"start":{"line":12,"column":66},"end":{"line":33,"column":1}},"line":12},"1":{"name":"(anonymous_1)","decl":{"start":{"line":41,"column":22},"end":{"line":41,"column":23}},"loc":{"start":{"line":41,"column":48},"end":{"line":54,"column":1}},"line":41},"2":{"name":"(anonymous_2)","decl":{"start":{"line":43,"column":4},"end":{"line":43,"column":5}},"loc":{"start":{"line":43,"column":17},"end":{"line":43,"column":46}},"line":43},"3":{"name":"(anonymous_3)","decl":{"start":{"line":48,"column":18},"end":{"line":48,"column":19}},"loc":{"start":{"line":48,"column":34},"end":{"line":50,"column":5}},"line":48}},"branchMap":{"0":{"loc":{"start":{"line":12,"column":39},"end":{"line":12,"column":53}},"type":"default-arg","locations":[{"start":{"line":12,"column":48},"end":{"line":12,"column":53}}],"line":12},"1":{"loc":{"start":{"line":18,"column":4},"end":{"line":20,"column":5}},"type":"if","locations":[{"start":{"line":18,"column":4},"end":{"line":20,"column":5}},{"start":{},"end":{}}],"line":18},"2":{"loc":{"start":{"line":41,"column":32},"end":{"line":41,"column":43}},"type":"default-arg","locations":[{"start":{"line":41,"column":41},"end":{"line":41,"column":43}}],"line":41},"3":{"loc":{"start":{"line":45,"column":2},"end":{"line":52,"column":3}},"type":"if","locations":[{"start":{"line":45,"column":2},"end":{"line":52,"column":3}},{"start":{},"end":{}}],"line":45}},"s":{"0":3,"1":3,"2":3,"3":3,"4":3,"5":3,"6":0,"7":0,"8":3,"9":3,"10":6,"11":3,"12":2,"13":2,"14":2,"15":2,"16":2,"17":1},"f":{"0":3,"1":3,"2":6,"3":2},"b":{"0":[3],"1":[0,3],"2":[1],"3":[2,1]},"_coverageSchema":"1a1c01bbd47fc00a2c39e90264f33305004495a9","hash":"d6c3a568c99d7fbbf26827e0e9c97048dae92688"}
,"/Users/admin/Projects/ppg/ReaderApp/src/middlewares/index.js": {"path":"/Users/admin/Projects/ppg/ReaderApp/src/middlewares/index.js","statementMap":{"0":{"start":{"line":5,"column":30},"end":{"line":5,"column":52}},"1":{"start":{"line":7,"column":18},"end":{"line":7,"column":34}},"2":{"start":{"line":9,"column":0},"end":{"line":15,"column":1}},"3":{"start":{"line":10,"column":17},"end":{"line":13,"column":4}},"4":{"start":{"line":14,"column":2},"end":{"line":14,"column":41}},"5":{"start":{"line":17,"column":33},"end":{"line":17,"column":64}}},"fnMap":{},"branchMap":{"0":{"loc":{"start":{"line":9,"column":0},"end":{"line":15,"column":1}},"type":"if","locations":[{"start":{"line":9,"column":0},"end":{"line":15,"column":1}},{"start":{},"end":{}}],"line":9}},"s":{"0":1,"1":1,"2":1,"3":1,"4":1,"5":1},"f":{},"b":{"0":[1,0]},"_coverageSchema":"1a1c01bbd47fc00a2c39e90264f33305004495a9","hash":"05bfffe87babdb63a7970e3c4a38c712ca5e9729"}
,"/Users/admin/Projects/ppg/ReaderApp/src/reducers/DetailView.js": {"path":"/Users/admin/Projects/ppg/ReaderApp/src/reducers/DetailView.js","statementMap":{"0":{"start":{"line":3,"column":22},"end":{"line":5,"column":1}},"1":{"start":{"line":8,"column":2},"end":{"line":14,"column":3}},"2":{"start":{"line":11,"column":6},"end":{"line":11,"column":53}},"3":{"start":{"line":13,"column":6},"end":{"line":13,"column":19}}},"fnMap":{"0":{"name":"(anonymous_0)","decl":{"start":{"line":7,"column":15},"end":{"line":7,"column":16}},"loc":{"start":{"line":7,"column":50},"end":{"line":15,"column":1}},"line":7}},"branchMap":{"0":{"loc":{"start":{"line":7,"column":16},"end":{"line":7,"column":37}},"type":"default-arg","locations":[{"start":{"line":7,"column":24},"end":{"line":7,"column":37}}],"line":7},"1":{"loc":{"start":{"line":8,"column":2},"end":{"line":14,"column":3}},"type":"switch","locations":[{"start":{"line":9,"column":4},"end":{"line":9,"column":31}},{"start":{"line":10,"column":4},"end":{"line":11,"column":53}},{"start":{"line":12,"column":4},"end":{"line":13,"column":19}}],"line":8}},"s":{"0":1,"1":4,"2":0,"3":4},"f":{"0":4},"b":{"0":[3],"1":[0,0,4]},"_coverageSchema":"1a1c01bbd47fc00a2c39e90264f33305004495a9","hash":"4c6916bc22c1bbdbe58d11198d270c49d31ca163"}
,"/Users/admin/Projects/ppg/ReaderApp/src/reducers/MainView.js": {"path":"/Users/admin/Projects/ppg/ReaderApp/src/reducers/MainView.js","statementMap":{"0":{"start":{"line":7,"column":22},"end":{"line":13,"column":1}},"1":{"start":{"line":16,"column":2},"end":{"line":25,"column":3}},"2":{"start":{"line":18,"column":6},"end":{"line":18,"column":52}},"3":{"start":{"line":20,"column":6},"end":{"line":20,"column":56}},"4":{"start":{"line":22,"column":6},"end":{"line":22,"column":62}},"5":{"start":{"line":24,"column":6},"end":{"line":24,"column":19}}},"fnMap":{"0":{"name":"(anonymous_0)","decl":{"start":{"line":15,"column":15},"end":{"line":15,"column":16}},"loc":{"start":{"line":15,"column":50},"end":{"line":26,"column":1}},"line":15}},"branchMap":{"0":{"loc":{"start":{"line":15,"column":16},"end":{"line":15,"column":37}},"type":"default-arg","locations":[{"start":{"line":15,"column":24},"end":{"line":15,"column":37}}],"line":15},"1":{"loc":{"start":{"line":16,"column":2},"end":{"line":25,"column":3}},"type":"switch","locations":[{"start":{"line":17,"column":4},"end":{"line":18,"column":52}},{"start":{"line":19,"column":4},"end":{"line":20,"column":56}},{"start":{"line":21,"column":4},"end":{"line":22,"column":62}},{"start":{"line":23,"column":4},"end":{"line":24,"column":19}}],"line":16}},"s":{"0":1,"1":4,"2":0,"3":0,"4":0,"5":4},"f":{"0":4},"b":{"0":[3],"1":[0,0,0,4]},"_coverageSchema":"1a1c01bbd47fc00a2c39e90264f33305004495a9","hash":"439f40b0d080d14c1972f69d55fea97ebe1c3690"}
,"/Users/admin/Projects/ppg/ReaderApp/src/reducers/index.js": {"path":"/Users/admin/Projects/ppg/ReaderApp/src/reducers/index.js","statementMap":{},"fnMap":{},"branchMap":{},"s":{},"f":{},"b":{},"_coverageSchema":"1a1c01bbd47fc00a2c39e90264f33305004495a9","hash":"337a78c9771548b39f64329a7f343bf04029f8d5"}
,"/Users/admin/Projects/ppg/ReaderApp/src/routes/NavigationStack.js": {"path":"/Users/admin/Projects/ppg/ReaderApp/src/routes/NavigationStack.js","statementMap":{"0":{"start":{"line":7,"column":20},"end":{"line":10,"column":1}},"1":{"start":{"line":12,"column":14},"end":{"line":12,"column":42}},"2":{"start":{"line":15,"column":16},"end":{"line":15,"column":18}},"3":{"start":{"line":16,"column":2},"end":{"line":27,"column":3}},"4":{"start":{"line":17,"column":4},"end":{"line":26,"column":5}},"5":{"start":{"line":18,"column":6},"end":{"line":25,"column":8}},"6":{"start":{"line":28,"column":2},"end":{"line":37,"column":4}}},"fnMap":{"0":{"name":"MainStack","decl":{"start":{"line":14,"column":16},"end":{"line":14,"column":25}},"loc":{"start":{"line":14,"column":28},"end":{"line":38,"column":1}},"line":14}},"branchMap":{"0":{"loc":{"start":{"line":17,"column":4},"end":{"line":26,"column":5}},"type":"if","locations":[{"start":{"line":17,"column":4},"end":{"line":26,"column":5}},{"start":{},"end":{}}],"line":17}},"s":{"0":1,"1":1,"2":0,"3":0,"4":0,"5":0,"6":0},"f":{"0":0},"b":{"0":[0,0]},"_coverageSchema":"1a1c01bbd47fc00a2c39e90264f33305004495a9","hash":"dab46ecb0bcf067145dd438f61caf48b14b56a82"}
,"/Users/admin/Projects/ppg/ReaderApp/src/screens/DetailView.js": {"path":"/Users/admin/Projects/ppg/ReaderApp/src/screens/DetailView.js","statementMap":{"0":{"start":{"line":15,"column":19},"end":{"line":73,"column":1}},"1":{"start":{"line":22,"column":22},"end":{"line":24,"column":3}},"2":{"start":{"line":23,"column":4},"end":{"line":23,"column":23}},"3":{"start":{"line":26,"column":2},"end":{"line":29,"column":9}},"4":{"start":{"line":27,"column":4},"end":{"line":27,"column":25}},"5":{"start":{"line":28,"column":4},"end":{"line":28,"column":23}},"6":{"start":{"line":31,"column":2},"end":{"line":35,"column":9}},"7":{"start":{"line":32,"column":4},"end":{"line":32,"column":67}},"8":{"start":{"line":33,"column":4},"end":{"line":34,"column":72}},"9":{"start":{"line":34,"column":6},"end":{"line":34,"column":71}},"10":{"start":{"line":37,"column":2},"end":{"line":43,"column":3}},"11":{"start":{"line":38,"column":4},"end":{"line":42,"column":6}},"12":{"start":{"line":45,"column":23},"end":{"line":45,"column":45}},"13":{"start":{"line":45,"column":40},"end":{"line":45,"column":45}},"14":{"start":{"line":46,"column":21},"end":{"line":52,"column":3}},"15":{"start":{"line":47,"column":4},"end":{"line":51,"column":6}},"16":{"start":{"line":54,"column":22},"end":{"line":54,"column":24}},"17":{"start":{"line":55,"column":24},"end":{"line":61,"column":3}},"18":{"start":{"line":56,"column":4},"end":{"line":60,"column":6}},"19":{"start":{"line":63,"column":2},"end":{"line":72,"column":4}},"20":{"start":{"line":75,"column":15},"end":{"line":86,"column":2}},"21":{"start":{"line":88,"column":24},"end":{"line":93,"column":1}},"22":{"start":{"line":89,"column":2},"end":{"line":92,"column":4}},"23":{"start":{"line":96,"column":2},"end":{"line":108,"column":4}},"24":{"start":{"line":98,"column":6},"end":{"line":101,"column":9}},"25":{"start":{"line":104,"column":6},"end":{"line":106,"column":9}}},"fnMap":{"0":{"name":"(anonymous_0)","decl":{"start":{"line":15,"column":19},"end":{"line":15,"column":20}},"loc":{"start":{"line":21,"column":6},"end":{"line":73,"column":1}},"line":21},"1":{"name":"(anonymous_1)","decl":{"start":{"line":22,"column":22},"end":{"line":22,"column":23}},"loc":{"start":{"line":22,"column":28},"end":{"line":24,"column":3}},"line":22},"2":{"name":"(anonymous_2)","decl":{"start":{"line":26,"column":12},"end":{"line":26,"column":13}},"loc":{"start":{"line":26,"column":18},"end":{"line":29,"column":3}},"line":26},"3":{"name":"(anonymous_3)","decl":{"start":{"line":31,"column":12},"end":{"line":31,"column":13}},"loc":{"start":{"line":31,"column":18},"end":{"line":35,"column":3}},"line":31},"4":{"name":"(anonymous_4)","decl":{"start":{"line":33,"column":11},"end":{"line":33,"column":12}},"loc":{"start":{"line":34,"column":6},"end":{"line":34,"column":71}},"line":34},"5":{"name":"(anonymous_5)","decl":{"start":{"line":45,"column":23},"end":{"line":45,"column":24}},"loc":{"start":{"line":45,"column":40},"end":{"line":45,"column":45}},"line":45},"6":{"name":"(anonymous_6)","decl":{"start":{"line":46,"column":21},"end":{"line":46,"column":22}},"loc":{"start":{"line":47,"column":4},"end":{"line":51,"column":6}},"line":47},"7":{"name":"(anonymous_7)","decl":{"start":{"line":55,"column":24},"end":{"line":55,"column":25}},"loc":{"start":{"line":55,"column":41},"end":{"line":61,"column":3}},"line":55},"8":{"name":"(anonymous_8)","decl":{"start":{"line":88,"column":24},"end":{"line":88,"column":25}},"loc":{"start":{"line":88,"column":42},"end":{"line":93,"column":1}},"line":88},"9":{"name":"mapDispatchToProps","decl":{"start":{"line":95,"column":9},"end":{"line":95,"column":27}},"loc":{"start":{"line":95,"column":38},"end":{"line":109,"column":1}},"line":95},"10":{"name":"(anonymous_10)","decl":{"start":{"line":97,"column":20},"end":{"line":97,"column":21}},"loc":{"start":{"line":97,"column":31},"end":{"line":102,"column":5}},"line":97},"11":{"name":"(anonymous_11)","decl":{"start":{"line":103,"column":22},"end":{"line":103,"column":23}},"loc":{"start":{"line":103,"column":33},"end":{"line":107,"column":5}},"line":103}},"branchMap":{"0":{"loc":{"start":{"line":37,"column":2},"end":{"line":43,"column":3}},"type":"if","locations":[{"start":{"line":37,"column":2},"end":{"line":43,"column":3}},{"start":{},"end":{}}],"line":37}},"s":{"0":2,"1":2,"2":2,"3":2,"4":2,"5":2,"6":2,"7":2,"8":2,"9":2,"10":2,"11":1,"12":1,"13":1,"14":1,"15":1,"16":1,"17":1,"18":0,"19":1,"20":2,"21":2,"22":2,"23":2,"24":2,"25":2},"f":{"0":2,"1":2,"2":2,"3":2,"4":2,"5":1,"6":1,"7":0,"8":2,"9":2,"10":2,"11":2},"b":{"0":[1,1]},"_coverageSchema":"1a1c01bbd47fc00a2c39e90264f33305004495a9","hash":"b7ec88dfa822ede2cbc914b2c3cfd0a06da06d8c"}
,"/Users/admin/Projects/ppg/ReaderApp/src/screens/MainView/TopStoriesTab.js": {"path":"/Users/admin/Projects/ppg/ReaderApp/src/screens/MainView/TopStoriesTab.js","statementMap":{"0":{"start":{"line":19,"column":16},"end":{"line":19,"column":40}},"1":{"start":{"line":21,"column":22},"end":{"line":117,"column":1}},"2":{"start":{"line":31,"column":40},"end":{"line":31,"column":55}},"3":{"start":{"line":32,"column":52},"end":{"line":32,"column":64}},"4":{"start":{"line":33,"column":38},"end":{"line":33,"column":53}},"5":{"start":{"line":35,"column":2},"end":{"line":37,"column":9}},"6":{"start":{"line":36,"column":4},"end":{"line":36,"column":20}},"7":{"start":{"line":39,"column":2},"end":{"line":44,"column":23}},"8":{"start":{"line":40,"column":4},"end":{"line":42,"column":5}},"9":{"start":{"line":41,"column":6},"end":{"line":41,"column":48}},"10":{"start":{"line":43,"column":4},"end":{"line":43,"column":25}},"11":{"start":{"line":46,"column":2},"end":{"line":50,"column":22}},"12":{"start":{"line":47,"column":4},"end":{"line":49,"column":5}},"13":{"start":{"line":48,"column":6},"end":{"line":48,"column":37}},"14":{"start":{"line":52,"column":2},"end":{"line":54,"column":29}},"15":{"start":{"line":53,"column":4},"end":{"line":53,"column":40}},"16":{"start":{"line":56,"column":20},"end":{"line":60,"column":3}},"17":{"start":{"line":57,"column":4},"end":{"line":57,"column":26}},"18":{"start":{"line":58,"column":4},"end":{"line":58,"column":24}},"19":{"start":{"line":59,"column":4},"end":{"line":59,"column":20}},"20":{"start":{"line":62,"column":23},"end":{"line":65,"column":3}},"21":{"start":{"line":63,"column":4},"end":{"line":63,"column":24}},"22":{"start":{"line":64,"column":4},"end":{"line":64,"column":42}},"23":{"start":{"line":67,"column":18},"end":{"line":69,"column":3}},"24":{"start":{"line":68,"column":4},"end":{"line":68,"column":54}},"25":{"start":{"line":71,"column":23},"end":{"line":71,"column":45}},"26":{"start":{"line":71,"column":40},"end":{"line":71,"column":45}},"27":{"start":{"line":72,"column":21},"end":{"line":78,"column":3}},"28":{"start":{"line":73,"column":4},"end":{"line":77,"column":6}},"29":{"start":{"line":76,"column":21},"end":{"line":76,"column":34}},"30":{"start":{"line":80,"column":22},"end":{"line":80,"column":24}},"31":{"start":{"line":81,"column":24},"end":{"line":87,"column":3}},"32":{"start":{"line":82,"column":4},"end":{"line":86,"column":6}},"33":{"start":{"line":89,"column":2},"end":{"line":95,"column":3}},"34":{"start":{"line":90,"column":4},"end":{"line":94,"column":6}},"35":{"start":{"line":97,"column":2},"end":{"line":116,"column":4}},"36":{"start":{"line":102,"column":25},"end":{"line":102,"column":36}},"37":{"start":{"line":108,"column":28},"end":{"line":108,"column":42}},"38":{"start":{"line":119,"column":15},"end":{"line":138,"column":2}},"39":{"start":{"line":140,"column":24},"end":{"line":147,"column":1}},"40":{"start":{"line":141,"column":2},"end":{"line":146,"column":4}},"41":{"start":{"line":150,"column":2},"end":{"line":168,"column":4}},"42":{"start":{"line":152,"column":6},"end":{"line":154,"column":9}},"43":{"start":{"line":157,"column":6},"end":{"line":160,"column":9}},"44":{"start":{"line":163,"column":6},"end":{"line":166,"column":9}}},"fnMap":{"0":{"name":"(anonymous_0)","decl":{"start":{"line":21,"column":22},"end":{"line":21,"column":23}},"loc":{"start":{"line":30,"column":6},"end":{"line":117,"column":1}},"line":30},"1":{"name":"(anonymous_1)","decl":{"start":{"line":35,"column":12},"end":{"line":35,"column":13}},"loc":{"start":{"line":35,"column":18},"end":{"line":37,"column":3}},"line":35},"2":{"name":"(anonymous_2)","decl":{"start":{"line":39,"column":12},"end":{"line":39,"column":13}},"loc":{"start":{"line":39,"column":18},"end":{"line":44,"column":3}},"line":39},"3":{"name":"(anonymous_3)","decl":{"start":{"line":46,"column":12},"end":{"line":46,"column":13}},"loc":{"start":{"line":46,"column":18},"end":{"line":50,"column":3}},"line":46},"4":{"name":"(anonymous_4)","decl":{"start":{"line":52,"column":12},"end":{"line":52,"column":13}},"loc":{"start":{"line":52,"column":18},"end":{"line":54,"column":3}},"line":52},"5":{"name":"(anonymous_5)","decl":{"start":{"line":56,"column":20},"end":{"line":56,"column":21}},"loc":{"start":{"line":56,"column":26},"end":{"line":60,"column":3}},"line":56},"6":{"name":"(anonymous_6)","decl":{"start":{"line":62,"column":23},"end":{"line":62,"column":24}},"loc":{"start":{"line":62,"column":29},"end":{"line":65,"column":3}},"line":62},"7":{"name":"(anonymous_7)","decl":{"start":{"line":67,"column":18},"end":{"line":67,"column":19}},"loc":{"start":{"line":67,"column":26},"end":{"line":69,"column":3}},"line":67},"8":{"name":"(anonymous_8)","decl":{"start":{"line":71,"column":23},"end":{"line":71,"column":24}},"loc":{"start":{"line":71,"column":40},"end":{"line":71,"column":45}},"line":71},"9":{"name":"(anonymous_9)","decl":{"start":{"line":72,"column":21},"end":{"line":72,"column":22}},"loc":{"start":{"line":73,"column":4},"end":{"line":77,"column":6}},"line":73},"10":{"name":"(anonymous_10)","decl":{"start":{"line":76,"column":15},"end":{"line":76,"column":16}},"loc":{"start":{"line":76,"column":21},"end":{"line":76,"column":34}},"line":76},"11":{"name":"(anonymous_11)","decl":{"start":{"line":81,"column":24},"end":{"line":81,"column":25}},"loc":{"start":{"line":81,"column":41},"end":{"line":87,"column":3}},"line":81},"12":{"name":"(anonymous_12)","decl":{"start":{"line":102,"column":19},"end":{"line":102,"column":20}},"loc":{"start":{"line":102,"column":25},"end":{"line":102,"column":36}},"line":102},"13":{"name":"(anonymous_13)","decl":{"start":{"line":108,"column":22},"end":{"line":108,"column":23}},"loc":{"start":{"line":108,"column":28},"end":{"line":108,"column":42}},"line":108},"14":{"name":"(anonymous_14)","decl":{"start":{"line":140,"column":24},"end":{"line":140,"column":25}},"loc":{"start":{"line":140,"column":33},"end":{"line":147,"column":1}},"line":140},"15":{"name":"mapDispatchToProps","decl":{"start":{"line":149,"column":9},"end":{"line":149,"column":27}},"loc":{"start":{"line":149,"column":38},"end":{"line":169,"column":1}},"line":149},"16":{"name":"(anonymous_16)","decl":{"start":{"line":151,"column":19},"end":{"line":151,"column":20}},"loc":{"start":{"line":151,"column":25},"end":{"line":155,"column":5}},"line":151},"17":{"name":"(anonymous_17)","decl":{"start":{"line":156,"column":20},"end":{"line":156,"column":21}},"loc":{"start":{"line":156,"column":31},"end":{"line":161,"column":5}},"line":156},"18":{"name":"(anonymous_18)","decl":{"start":{"line":162,"column":21},"end":{"line":162,"column":22}},"loc":{"start":{"line":162,"column":32},"end":{"line":167,"column":5}},"line":162}},"branchMap":{"0":{"loc":{"start":{"line":40,"column":4},"end":{"line":42,"column":5}},"type":"if","locations":[{"start":{"line":40,"column":4},"end":{"line":42,"column":5}},{"start":{},"end":{}}],"line":40},"1":{"loc":{"start":{"line":40,"column":8},"end":{"line":40,"column":56}},"type":"binary-expr","locations":[{"start":{"line":40,"column":8},"end":{"line":40,"column":22}},{"start":{"line":40,"column":26},"end":{"line":40,"column":56}}],"line":40},"2":{"loc":{"start":{"line":47,"column":4},"end":{"line":49,"column":5}},"type":"if","locations":[{"start":{"line":47,"column":4},"end":{"line":49,"column":5}},{"start":{},"end":{}}],"line":47},"3":{"loc":{"start":{"line":47,"column":8},"end":{"line":47,"column":49}},"type":"binary-expr","locations":[{"start":{"line":47,"column":8},"end":{"line":47,"column":21}},{"start":{"line":47,"column":25},"end":{"line":47,"column":49}}],"line":47},"4":{"loc":{"start":{"line":89,"column":2},"end":{"line":95,"column":3}},"type":"if","locations":[{"start":{"line":89,"column":2},"end":{"line":95,"column":3}},{"start":{},"end":{}}],"line":89},"5":{"loc":{"start":{"line":110,"column":7},"end":{"line":114,"column":14}},"type":"cond-expr","locations":[{"start":{"line":111,"column":8},"end":{"line":113,"column":15}},{"start":{"line":114,"column":10},"end":{"line":114,"column":14}}],"line":110}},"s":{"0":2,"1":2,"2":4,"3":4,"4":4,"5":4,"6":2,"7":4,"8":2,"9":1,"10":2,"11":4,"12":2,"13":1,"14":4,"15":2,"16":4,"17":0,"18":0,"19":0,"20":4,"21":0,"22":0,"23":4,"24":0,"25":4,"26":1,"27":4,"28":1,"29":0,"30":4,"31":4,"32":0,"33":4,"34":3,"35":1,"36":0,"37":0,"38":2,"39":2,"40":2,"41":2,"42":2,"43":1,"44":0},"f":{"0":4,"1":2,"2":2,"3":2,"4":2,"5":0,"6":0,"7":0,"8":1,"9":1,"10":0,"11":0,"12":0,"13":0,"14":2,"15":2,"16":2,"17":1,"18":0},"b":{"0":[1,1],"1":[2,1],"2":[1,1],"3":[2,2],"4":[3,1],"5":[0,1]},"_coverageSchema":"1a1c01bbd47fc00a2c39e90264f33305004495a9","hash":"c16012ddb0d69d11d3a8058a6a21d3b14f5a79c8"}
,"/Users/admin/Projects/ppg/ReaderApp/src/screens/MainView/index.js": {"path":"/Users/admin/Projects/ppg/ReaderApp/src/screens/MainView/index.js","statementMap":{"0":{"start":{"line":15,"column":20},"end":{"line":19,"column":4}},"1":{"start":{"line":16,"column":2},"end":{"line":19,"column":4}},"2":{"start":{"line":17,"column":17},"end":{"line":17,"column":58}},"3":{"start":{"line":21,"column":13},"end":{"line":38,"column":1}},"4":{"start":{"line":22,"column":17},"end":{"line":22,"column":38}},"5":{"start":{"line":24,"column":28},"end":{"line":24,"column":45}},"6":{"start":{"line":25,"column":19},"end":{"line":28,"column":4}},"7":{"start":{"line":30,"column":2},"end":{"line":37,"column":4}},"8":{"start":{"line":40,"column":15},"end":{"line":57,"column":2}}},"fnMap":{"0":{"name":"(anonymous_0)","decl":{"start":{"line":15,"column":20},"end":{"line":15,"column":21}},"loc":{"start":{"line":16,"column":2},"end":{"line":19,"column":4}},"line":16},"1":{"name":"(anonymous_1)","decl":{"start":{"line":17,"column":11},"end":{"line":17,"column":12}},"loc":{"start":{"line":17,"column":17},"end":{"line":17,"column":58}},"line":17},"2":{"name":"(anonymous_2)","decl":{"start":{"line":21,"column":13},"end":{"line":21,"column":14}},"loc":{"start":{"line":21,"column":31},"end":{"line":38,"column":1}},"line":21}},"branchMap":{},"s":{"0":1,"1":0,"2":0,"3":1,"4":0,"5":0,"6":0,"7":0,"8":1},"f":{"0":0,"1":0,"2":0},"b":{},"_coverageSchema":"1a1c01bbd47fc00a2c39e90264f33305004495a9","hash":"4ae035eba245fd530e236486ab8920d630f0a4cb"}
}
