TN:
SF:App.js
FN:22,(anonymous_0)
FNF:1
FNH:0
FNDA:0,(anonymous_0)
DA:19,1
DA:21,1
DA:22,1
DA:23,0
DA:36,1
LF:5
LH:4
BRF:0
BRH:0
end_of_record
TN:
SF:src/Store.js
FN:17,configureStore
FNF:1
FNH:1
FNDA:1,configureStore
DA:10,1
DA:18,1
DA:19,1
DA:23,1
DA:24,1
DA:25,1
LF:6
LH:6
BRF:0
BRH:0
end_of_record
TN:
SF:src/actionTypes/DetailView.js
FNF:0
FNH:0
DA:1,5
DA:2,5
DA:4,5
DA:5,5
LF:4
LH:4
BRF:0
BRH:0
end_of_record
TN:
SF:src/actionTypes/MainView.js
FNF:0
FNH:0
DA:1,5
DA:2,5
DA:4,5
DA:5,5
DA:7,5
DA:8,5
LF:6
LH:6
BRF:0
BRH:0
end_of_record
TN:
SF:src/actionTypes/index.js
FNF:0
FNH:0
LF:0
LH:0
BRF:0
BRH:0
end_of_record
TN:
SF:src/actions/Common.js
FN:4,(anonymous_0)
FNF:1
FNH:1
FNDA:2,(anonymous_0)
DA:4,3
DA:5,2
DA:6,2
DA:7,2
DA:8,2
DA:10,0
LF:6
LH:5
BRDA:7,0,0,2
BRDA:7,0,1,0
BRDA:7,1,0,2
BRDA:7,1,1,2
BRF:4
BRH:3
end_of_record
TN:
SF:src/actions/DetailView.js
FN:12,(anonymous_0)
FN:15,(anonymous_1)
FN:23,getItemDetailsSaga
FN:27,(anonymous_3)
FN:31,clearItemDetailsSaga
FNF:5
FNH:4
FNDA:1,(anonymous_0)
FNDA:1,(anonymous_1)
FNDA:2,getItemDetailsSaga
FNDA:0,(anonymous_3)
FNDA:1,clearItemDetailsSaga
DA:12,2
DA:13,1
DA:14,1
DA:16,1
DA:17,1
DA:20,1
DA:24,2
DA:27,2
DA:28,0
DA:32,1
LF:10
LH:9
BRF:0
BRH:0
end_of_record
TN:
SF:src/actions/MainView.js
FN:17,(anonymous_0)
FN:35,getTopStoriesSaga
FN:39,async
FN:60,(anonymous_3)
FN:90,getTopStoriesDetailsSaga
FN:94,async
FN:101,setTopStoriesRefreshingSaga
FNF:7
FNH:6
FNDA:1,(anonymous_0)
FNDA:2,getTopStoriesSaga
FNDA:1,async
FNDA:1,(anonymous_3)
FNDA:2,getTopStoriesDetailsSaga
FNDA:0,async
FNDA:1,setTopStoriesRefreshingSaga
DA:17,2
DA:18,1
DA:19,1
DA:20,1
DA:21,1
DA:22,1
DA:26,1
DA:28,1
DA:36,2
DA:39,2
DA:40,1
DA:41,1
DA:42,1
DA:43,1
DA:45,1
DA:51,1
DA:52,0
DA:53,0
DA:57,1
DA:59,1
DA:61,1
DA:62,1
DA:66,1
DA:67,1
DA:68,1
DA:69,1
DA:70,1
DA:73,1
DA:82,1
DA:83,0
DA:91,2
DA:94,2
DA:95,0
DA:102,1
LF:34
LH:30
BRDA:19,0,0,1
BRDA:19,0,1,0
BRDA:19,1,0,1
BRDA:19,1,1,1
BRDA:40,2,0,1
BRDA:40,2,1,0
BRDA:41,3,0,1
BRDA:41,3,1,0
BRDA:45,4,0,0
BRDA:45,4,1,1
BRDA:47,5,0,0
BRDA:47,5,1,1
BRDA:47,6,0,1
BRDA:47,6,1,1
BRDA:51,7,0,0
BRDA:51,7,1,1
BRDA:51,8,0,1
BRDA:51,8,1,1
BRDA:52,9,0,0
BRDA:52,9,1,0
BRDA:68,10,0,1
BRDA:68,10,1,0
BRDA:82,11,0,0
BRDA:82,11,1,1
BRF:24
BRH:14
end_of_record
TN:
SF:src/actions/index.js
FN:16,(anonymous_0)
FNF:1
FNH:1
FNDA:1,(anonymous_0)
DA:8,1
DA:16,1
DA:17,1
LF:3
LH:3
BRF:0
BRH:0
end_of_record
TN:
SF:src/api/index.js
FNF:0
FNH:0
DA:1,3
DA:3,3
DA:4,3
DA:9,3
LF:4
LH:4
BRF:0
BRH:0
end_of_record
TN:
SF:src/components/CommentCard.js
FN:11,(anonymous_0)
FN:14,(anonymous_1)
FNF:2
FNH:2
FNDA:1,(anonymous_0)
FNDA:1,(anonymous_1)
DA:11,5
DA:12,1
DA:13,1
DA:14,1
DA:16,1
DA:22,1
DA:50,5
LF:7
LH:7
BRF:0
BRH:0
end_of_record
TN:
SF:src/components/StoryCard.js
FN:4,(anonymous_0)
FN:7,(anonymous_1)
FNF:2
FNH:2
FNDA:1,(anonymous_0)
FNDA:1,(anonymous_1)
DA:4,5
DA:5,1
DA:7,1
DA:9,1
DA:36,5
LF:5
LH:5
BRDA:19,0,0,1
BRDA:19,0,1,0
BRDA:19,1,0,1
BRDA:19,1,1,1
BRF:4
BRH:3
end_of_record
TN:
SF:src/components/index.js
FNF:0
FNH:0
LF:0
LH:0
BRF:0
BRH:0
end_of_record
TN:
SF:src/config/index.js
FNF:0
FNH:0
DA:1,2
LF:1
LH:1
BRF:0
BRH:0
end_of_record
TN:
SF:src/lib/Utils.js
FN:12,(anonymous_0)
FN:41,(anonymous_1)
FN:43,(anonymous_2)
FN:48,(anonymous_3)
FNF:4
FNH:4
FNDA:3,(anonymous_0)
FNDA:3,(anonymous_1)
FNDA:6,(anonymous_2)
FNDA:2,(anonymous_3)
DA:12,3
DA:13,3
DA:14,3
DA:18,3
DA:21,3
DA:22,3
DA:27,0
DA:28,0
DA:41,3
DA:42,3
DA:43,6
DA:45,3
DA:46,2
DA:47,2
DA:48,2
DA:49,2
DA:51,2
DA:53,1
LF:18
LH:16
BRDA:12,0,0,3
BRDA:18,1,0,0
BRDA:18,1,1,3
BRDA:41,2,0,1
BRDA:45,3,0,2
BRDA:45,3,1,1
BRF:6
BRH:5
end_of_record
TN:
SF:src/middlewares/index.js
FNF:0
FNH:0
DA:5,1
DA:7,1
DA:9,1
DA:10,1
DA:14,1
DA:17,1
LF:6
LH:6
BRDA:9,0,0,1
BRDA:9,0,1,0
BRF:2
BRH:1
end_of_record
TN:
SF:src/reducers/DetailView.js
FN:7,(anonymous_0)
FNF:1
FNH:1
FNDA:4,(anonymous_0)
DA:3,1
DA:8,4
DA:11,0
DA:13,4
LF:4
LH:3
BRDA:7,0,0,3
BRDA:8,1,0,0
BRDA:8,1,1,0
BRDA:8,1,2,4
BRF:4
BRH:2
end_of_record
TN:
SF:src/reducers/MainView.js
FN:15,(anonymous_0)
FNF:1
FNH:1
FNDA:4,(anonymous_0)
DA:7,1
DA:16,4
DA:18,0
DA:20,0
DA:22,0
DA:24,4
LF:6
LH:3
BRDA:15,0,0,3
BRDA:16,1,0,0
BRDA:16,1,1,0
BRDA:16,1,2,0
BRDA:16,1,3,4
BRF:5
BRH:2
end_of_record
TN:
SF:src/reducers/index.js
FNF:0
FNH:0
LF:0
LH:0
BRF:0
BRH:0
end_of_record
TN:
SF:src/routes/NavigationStack.js
FN:14,MainStack
FNF:1
FNH:0
FNDA:0,MainStack
DA:7,1
DA:12,1
DA:15,0
DA:16,0
DA:17,0
DA:18,0
DA:28,0
LF:7
LH:2
BRDA:17,0,0,0
BRDA:17,0,1,0
BRF:2
BRH:0
end_of_record
TN:
SF:src/screens/DetailView.js
FN:15,(anonymous_0)
FN:22,(anonymous_1)
FN:26,(anonymous_2)
FN:31,(anonymous_3)
FN:33,(anonymous_4)
FN:45,(anonymous_5)
FN:46,(anonymous_6)
FN:55,(anonymous_7)
FN:88,(anonymous_8)
FN:95,mapDispatchToProps
FN:97,(anonymous_10)
FN:103,(anonymous_11)
FNF:12
FNH:11
FNDA:2,(anonymous_0)
FNDA:2,(anonymous_1)
FNDA:2,(anonymous_2)
FNDA:2,(anonymous_3)
FNDA:2,(anonymous_4)
FNDA:1,(anonymous_5)
FNDA:1,(anonymous_6)
FNDA:0,(anonymous_7)
FNDA:2,(anonymous_8)
FNDA:2,mapDispatchToProps
FNDA:2,(anonymous_10)
FNDA:2,(anonymous_11)
DA:15,2
DA:22,2
DA:23,2
DA:26,2
DA:27,2
DA:28,2
DA:31,2
DA:32,2
DA:33,2
DA:34,2
DA:37,2
DA:38,1
DA:45,1
DA:46,1
DA:47,1
DA:54,1
DA:55,1
DA:56,0
DA:63,1
DA:75,2
DA:88,2
DA:89,2
DA:96,2
DA:98,2
DA:104,2
LF:25
LH:24
BRDA:37,0,0,1
BRDA:37,0,1,1
BRF:2
BRH:2
end_of_record
TN:
SF:src/screens/MainView/TopStoriesTab.js
FN:21,(anonymous_0)
FN:35,(anonymous_1)
FN:39,(anonymous_2)
FN:46,(anonymous_3)
FN:52,(anonymous_4)
FN:56,(anonymous_5)
FN:62,(anonymous_6)
FN:67,(anonymous_7)
FN:71,(anonymous_8)
FN:72,(anonymous_9)
FN:76,(anonymous_10)
FN:81,(anonymous_11)
FN:102,(anonymous_12)
FN:108,(anonymous_13)
FN:140,(anonymous_14)
FN:149,mapDispatchToProps
FN:151,(anonymous_16)
FN:156,(anonymous_17)
FN:162,(anonymous_18)
FNF:19
FNH:11
FNDA:4,(anonymous_0)
FNDA:2,(anonymous_1)
FNDA:2,(anonymous_2)
FNDA:2,(anonymous_3)
FNDA:2,(anonymous_4)
FNDA:0,(anonymous_5)
FNDA:0,(anonymous_6)
FNDA:0,(anonymous_7)
FNDA:1,(anonymous_8)
FNDA:1,(anonymous_9)
FNDA:0,(anonymous_10)
FNDA:0,(anonymous_11)
FNDA:0,(anonymous_12)
FNDA:0,(anonymous_13)
FNDA:2,(anonymous_14)
FNDA:2,mapDispatchToProps
FNDA:2,(anonymous_16)
FNDA:1,(anonymous_17)
FNDA:0,(anonymous_18)
DA:19,2
DA:21,2
DA:31,4
DA:32,4
DA:33,4
DA:35,4
DA:36,2
DA:39,4
DA:40,2
DA:41,1
DA:43,2
DA:46,4
DA:47,2
DA:48,1
DA:52,4
DA:53,2
DA:56,4
DA:57,0
DA:58,0
DA:59,0
DA:62,4
DA:63,0
DA:64,0
DA:67,4
DA:68,0
DA:71,4
DA:72,4
DA:73,1
DA:76,0
DA:80,4
DA:81,4
DA:82,0
DA:89,4
DA:90,3
DA:97,1
DA:102,0
DA:108,0
DA:119,2
DA:140,2
DA:141,2
DA:150,2
DA:152,2
DA:157,1
DA:163,0
LF:44
LH:33
BRDA:40,0,0,1
BRDA:40,0,1,1
BRDA:40,1,0,2
BRDA:40,1,1,1
BRDA:47,2,0,1
BRDA:47,2,1,1
BRDA:47,3,0,2
BRDA:47,3,1,2
BRDA:89,4,0,3
BRDA:89,4,1,1
BRDA:110,5,0,0
BRDA:110,5,1,1
BRF:12
BRH:11
end_of_record
TN:
SF:src/screens/MainView/index.js
FN:15,(anonymous_0)
FN:17,(anonymous_1)
FN:21,(anonymous_2)
FNF:3
FNH:0
FNDA:0,(anonymous_0)
FNDA:0,(anonymous_1)
FNDA:0,(anonymous_2)
DA:15,1
DA:16,0
DA:17,0
DA:21,1
DA:22,0
DA:24,0
DA:25,0
DA:30,0
DA:40,1
LF:9
LH:3
BRF:0
BRH:0
end_of_record
